<?xml version="1.0" encoding="UTF-8"?>
<!-- Generated by org.testng.reporters.JUnitReportReporter -->
<testsuite hostname="BLASZLO-PC" failures="0" tests="1" name="tests.TestsExamples" time="1.724" errors="0" timestamp="2022-07-27T15:41:25 EEST" skipped="0">
  <testcase classname="tests.TestsExamples" name="test_3" time="1.724"/>
  <system-out/>
</testsuite> <!-- tests.TestsExamples -->
